[     775ms] [ERROR] Failed to load resource: net::ERR_FAILED @ chrome-extension://invalid/:0
[    1968ms] [ERROR] Failed to load resource: net::ERR_NAME_NOT_RESOLVED @ https://v1/genai/getSettings?key=:0
[    2075ms] [ERROR] Failed to load resource: net::ERR_NAME_NOT_RESOLVED @ https://v1/genai/getSettings?key=:0
[    2181ms] [ERROR] Failed to load resource: net::ERR_NAME_NOT_RESOLVED @ https://v1/genai/getSettings?key=:0
[    2228ms] [WARNING] An iframe which has both allow-scripts and allow-same-origin for its sandbox attribute can escape its sandboxing. @ https://drive.google.com/auth_warmup:0
[    5915ms] [ERROR] Failed to load resource: net::ERR_FAILED @ chrome-extension://invalid/:0
[    5970ms] [ERROR] Failed to load resource: net::ERR_FAILED @ chrome-extension://invalid/:0
[    6062ms] [ERROR] Failed to load resource: net::ERR_FAILED @ chrome-extension://invalid/:0
[    6062ms] [ERROR] Failed to load resource: net::ERR_FAILED @ chrome-extension://invalid/:0
[   66679ms] Error: DOCS_initialLoadTiming is not defined.
    at https://docs.google.com/document/u/0/preload?source=drive:20:908
[   66718ms] Error: DOCS_initialLoadTiming is not defined.
    at https://docs.google.com/presentation/u/0/preload?source=drive:20:1097
[   66721ms] Error: DOCS_initialLoadTiming is not defined.
    at https://drive.google.com/file/u/0/preload?source=drive:11:636
[   66969ms] Error: DOCS_initialLoadTiming is not defined.
    at https://docs.google.com/spreadsheets/u/0/preload?source=drive:11:16549
[   67124ms] Error: DOCS_initialLoadTiming is not defined.
    at https://docs.google.com/drawings/u/0/preload?source=drive:20:739
[   67324ms] Error: DOCS_initialLoadTiming is not defined.
    at https://docs.google.com/videos/u/0/preload?source=drive:20:717
[   85814ms] [WARNING] An iframe which has both allow-scripts and allow-same-origin for its sandbox attribute can escape its sandboxing. @ https://drive.google.com/drivesharing/clientmodel?id=1gRv2ucLr9aDuKwQQ4UMNhVNxl7boEv73&foreignService=explorer&authuser=0&origin=https%3A%2F%2Fdrive.google.com:0
